<?xml version="1.0" encoding="UTF-8"?>
<testsuite xmlns:xsi="http://www.w3.org/2001/XMLSchema-instance" xsi:noNamespaceSchemaLocation="https://maven.apache.org/surefire/maven-surefire-plugin/xsd/surefire-test-report-3.0.xsd" version="3.0" name="com.tuhin.EcomProject.EcomProjectApplicationTests" time="6.964" tests="1" errors="0" skipped="0" failures="0">
  <properties>
[...]
</properties>
  <testcase name="contextLoads" classname="com.tuhin.EcomProject.EcomProjectApplicationTests" time="0.637">
    <system-out><![CDATA[14:02:44.566 [main] INFO org.springframework.test.context.support.AnnotationConfigContextLoaderUtils -- Could not detect default configuration classes for test class [com.tuhin.EcomProject.EcomProjectApplicationTests]: EcomProjectApplicationTests does not declare any static, non-private, non-final, nested classes annotated with @Configuration.
14:02:44.712 [main] INFO org.springframework.boot.test.context.SpringBootTestContextBootstrapper -- Found @SpringBootConfiguration com.tuhin.EcomProject.EcomProjectApplication for test class com.tuhin.EcomProject.EcomProjectApplicationTests
14:02:45.005 [main] INFO org.springframework.boot.devtools.restart.RestartApplicationListener -- Restart disabled due to context in which it is running

  .   ____          _            __ _ _
 /\\ / ___'_ __ _ _(_)_ __  __ _ \ \ \ \
( ( )\___ | '_ | '_| | '_ \/ _` | \ \ \ \
 \\/  ___)| |_)| | | | | || (_| |  ) ) ) )
  '  |____| .__|_| |_|_| |_\__, | / / / /
 =========|_|==============|___/=/_/_/_/

 :: Spring Boot ::                (v3.3.2)

2024-09-18T14:02:45.405+05:30  INFO 1664 --- [EcomProject] [           main] c.t.E.EcomProjectApplicationTests        : Starting EcomProjectApplicationTests using Java 21.0.4 with PID 1664 (started by Tuhin in D:\java\EcomProject)
2024-09-18T14:02:45.405+05:30  INFO 1664 --- [EcomProject] [           main] c.t.E.EcomProjectApplicationTests        : No active profile set, falling back to 1 default profile: "default"
2024-09-18T14:02:46.610+05:30  INFO 1664 --- [EcomProject] [           main] .s.d.r.c.RepositoryConfigurationDelegate : Bootstrapping Spring Data JPA repositories in DEFAULT mode.
2024-09-18T14:02:46.681+05:30  INFO 1664 --- [EcomProject] [           main] .s.d.r.c.RepositoryConfigurationDelegate : Finished Spring Data repository scanning in 59 ms. Found 1 JPA repository interface.
2024-09-18T14:02:47.375+05:30  INFO 1664 --- [EcomProject] [           main] com.zaxxer.hikari.HikariDataSource       : HikariPool-1 - Starting...
2024-09-18T14:02:47.620+05:30  INFO 1664 --- [EcomProject] [           main] com.zaxxer.hikari.pool.HikariPool        : HikariPool-1 - Added connection conn0: url=jdbc:h2:mem:ecom user=ROOT
2024-09-18T14:02:47.628+05:30  INFO 1664 --- [EcomProject] [           main] com.zaxxer.hikari.HikariDataSource       : HikariPool-1 - Start completed.
2024-09-18T14:02:47.692+05:30  INFO 1664 --- [EcomProject] [           main] o.hibernate.jpa.internal.util.LogHelper  : HHH000204: Processing PersistenceUnitInfo [name: default]
2024-09-18T14:02:47.799+05:30  INFO 1664 --- [EcomProject] [           main] org.hibernate.Version                    : HHH000412: Hibernate ORM core version 6.5.2.Final
2024-09-18T14:02:47.872+05:30  INFO 1664 --- [EcomProject] [           main] o.h.c.internal.RegionFactoryInitiator    : HHH000026: Second-level cache disabled
2024-09-18T14:02:48.406+05:30  INFO 1664 --- [EcomProject] [           main] o.s.o.j.p.SpringPersistenceUnitInfo      : No LoadTimeWeaver setup: ignoring JPA class transformer
2024-09-18T14:02:49.475+05:30  INFO 1664 --- [EcomProject] [           main] o.h.e.t.j.p.i.JtaPlatformInitiator       : HHH000489: No JTA platform available (set 'hibernate.transaction.jta.platform' to enable JTA platform integration)
2024-09-18T14:02:49.508+05:30  INFO 1664 --- [EcomProject] [           main] j.LocalContainerEntityManagerFactoryBean : Initialized JPA EntityManagerFactory for persistence unit 'default'
2024-09-18T14:02:50.021+05:30  WARN 1664 --- [EcomProject] [           main] JpaBaseConfiguration$JpaWebConfiguration : spring.jpa.open-in-view is enabled by default. Therefore, database queries may be performed during view rendering. Explicitly configure spring.jpa.open-in-view to disable this warning
2024-09-18T14:02:50.599+05:30  INFO 1664 --- [EcomProject] [           main] c.t.E.EcomProjectApplicationTests        : Started EcomProjectApplicationTests in 5.618 seconds (process running for 7.01)
]]></system-out>
    <system-err><![CDATA[WARNING: A Java agent has been loaded dynamically (C:\Users\Tuhin\.m2\repository\net\bytebuddy\byte-buddy-agent\1.14.18\byte-buddy-agent-1.14.18.jar)
WARNING: If a serviceability tool is in use, please run with -XX:+EnableDynamicAgentLoading to hide this warning
WARNING: If a serviceability tool is not in use, please run with -Djdk.instrument.traceUsage for more information
WARNING: Dynamic loading of agents will be disallowed by default in a future release
]]></system-err>
  </testcase>
</testsuite>